<?xml version="1.0" encoding="UTF-8"?>
<testsuite name="com.thoughtworks.tddintro.library.LibraryTest" tests="6" skipped="0" failures="0" errors="0" timestamp="2015-07-14T01:53:18" hostname="Carsons-MBP-2" time="0.325">
  <properties/>
  <testcase name="shouldDisplayFormattedTimeWhenFormattedTimeIsNotEmpty" classname="com.thoughtworks.tddintro.library.LibraryTest" time="0.3"/>
  <testcase name="shouldPrintNothingWhenThereAreNoBooks" classname="com.thoughtworks.tddintro.library.LibraryTest" time="0.001"/>
  <testcase name="shouldWelcomeUser" classname="com.thoughtworks.tddintro.library.LibraryTest" time="0.014"/>
  <testcase name="shouldDisplayFormattedTimeWhenFormattedTimeIsAnEmptyString" classname="com.thoughtworks.tddintro.library.LibraryTest" time="0.002"/>
  <testcase name="shouldPrintBookTitleWhenThereIsOneBook" classname="com.thoughtworks.tddintro.library.LibraryTest" time="0.001"/>
  <testcase name="shouldPrintBothBookTitlesWhenThereAreTwoBooks" classname="com.thoughtworks.tddintro.library.LibraryTest" time="0.002"/>
  <system-out><![CDATA[]]></system-out>
  <system-err><![CDATA[]]></system-err>
</testsuite>
